<?xml version="1.0" encoding="UTF-8"?>
<!-- Generated by org.testng.reporters.JUnitXMLReporter -->
<testsuite hostname="DESKTOP-PDM7OVM" ignored="3" name="testing" tests="2" failures="0" timestamp="11 Apr 2023 08:08:51 GMT" time="0.092" errors="0">
  <testcase name="testCaseFive" time="0.019" classname="advancetestngex.GroupExample1"/>
  <testcase name="testCaseThree" time="0.003" classname="advancetestngex.GroupExample1"/>
  <testcase name="testCaseOne" time="0.0" classname="advancetestngex.GroupExample1">
    <ignored/>
  </testcase> <!-- testCaseOne -->
  <testcase name="testCaseFour" time="0.0" classname="advancetestngex.GroupExample1">
    <ignored/>
  </testcase> <!-- testCaseFour -->
  <testcase name="testCaseTwo" time="0.0" classname="advancetestngex.GroupExample1">
    <ignored/>
  </testcase> <!-- testCaseTwo -->
</testsuite> <!-- testing -->
