<?xml version="1.0" encoding="UTF-8"?>
<!-- Generated by org.testng.reporters.JUnitXMLReporter -->
<testsuite ignored="2" hostname="DESKTOP-PDM7OVM" failures="0" tests="13" name="Test" time="19.915" errors="0" timestamp="19 Apr 2023 09:47:36 GMT">
  <testcase classname="testngexample.Actitime_Enabled" name="createTask" time="0.011"/>
  <testcase classname="testngexample.Actitime_Enabled" name="openBrowserAndAppURL" time="0.001"/>
  <testcase classname="testngexample.Actitime_TimeOut" name="openBrowser" time="0.201"/>
  <testcase classname="testngexample.Actitime" name="a_openBrowserAndAppUrl" time="19.4"/>
  <testcase classname="testngexample.Actitime" name="b_login" time="0.253"/>
  <testcase classname="testngexample.Actitime" name="c_createTask" time="0.001"/>
  <testcase classname="testngexample.Actitime" name="d_logoutClose" time="0.0"/>
  <testcase classname="testngexample.Actitime_InvocationCount" name="openBrowserAndAppUrl" time="0.001"/>
  <testcase classname="testngexample.Actitime_InvocationCount" name="openBrowserAndAppUrl" time="0.001"/>
  <testcase classname="testngexample.Actitime_InvocationCount" name="openBrowserAndAppUrl" time="0.0"/>
  <testcase classname="testngexample.Actitime_InvocationCount" name="openBrowserAndAppUrl" time="0.0"/>
  <testcase classname="testngexample.Actitime_InvocationCount" name="openBrowserAndAppUrl" time="0.0"/>
  <testcase classname="testngexample.Actitime_InvocationCount" name="openBrowserAndAppUrl" time="0.001"/>
  <testcase classname="testngexample.Actitime_Enabled" name="login" time="0.0">
    <ignored/>
  </testcase> <!-- login -->
  <testcase classname="testngexample.Actitime_Enabled" name="logoutClose" time="0.0">
    <ignored/>
  </testcase> <!-- logoutClose -->
</testsuite> <!-- Test -->
