<?xml version="1.0" encoding="UTF-8"?>
<!-- Generated by org.testng.reporters.JUnitXMLReporter -->
<testsuite hostname="DESKTOP-PDM7OVM" ignored="0" name="Firefox" tests="5" failures="1" timestamp="11 Apr 2023 09:42:43 GMT" time="17.533" errors="0">
  <testcase name="c_createTask" time="0.024" classname="testngexample.Actitime"/>
  <testcase name="d_logoutClose" time="0.003" classname="testngexample.Actitime"/>
  <testcase name="b_login" time="0.038" classname="testngexample.Actitime">
    <failure type="java.lang.NullPointerException">
      <![CDATA[java.lang.NullPointerException
at testngexample.Actitime.b_login(Actitime.java:17)
at java.util.concurrent.ThreadPoolExecutor.runWorker(ThreadPoolExecutor.java:1149)
at java.util.concurrent.ThreadPoolExecutor$Worker.run(ThreadPoolExecutor.java:624)
at java.lang.Thread.run(Thread.java:748)
... Removed 10 stack frames]]>
    </failure>
  </testcase> <!-- b_login -->
  <testcase name="testLoginOfVtiger" time="16.958" classname="advancetestngex.ParallelExecutionTest"/>
  <testcase name="a_openBrowserAndAppUrl" time="17.478" classname="testngexample.Actitime"/>
</testsuite> <!-- Firefox -->
