<?xml version="1.0" encoding="UTF-8"?>
<!-- Generated by org.testng.reporters.JUnitXMLReporter -->
<testsuite hostname="DESKTOP-PDM7OVM" ignored="2" name="Test" tests="13" failures="0" timestamp="2023-04-19T14:24:48 IST" time="17.896" errors="0">
  <testcase name="createTask" time="0.022" classname="testngexample.Actitime_Enabled"/>
  <testcase name="openBrowserAndAppURL" time="0.003" classname="testngexample.Actitime_Enabled"/>
  <testcase name="openBrowser" time="0.215" classname="testngexample.Actitime_TimeOut"/>
  <testcase name="a_openBrowserAndAppUrl" time="16.812" classname="testngexample.Actitime"/>
  <testcase name="b_login" time="0.634" classname="testngexample.Actitime"/>
  <testcase name="c_createTask" time="0.002" classname="testngexample.Actitime"/>
  <testcase name="d_logoutClose" time="0.001" classname="testngexample.Actitime"/>
  <testcase name="openBrowserAndAppUrl" time="0.003" classname="testngexample.Actitime_InvocationCount"/>
  <testcase name="openBrowserAndAppUrl" time="0.002" classname="testngexample.Actitime_InvocationCount"/>
  <testcase name="openBrowserAndAppUrl" time="0.001" classname="testngexample.Actitime_InvocationCount"/>
  <testcase name="openBrowserAndAppUrl" time="0.002" classname="testngexample.Actitime_InvocationCount"/>
  <testcase name="openBrowserAndAppUrl" time="0.018" classname="testngexample.Actitime_InvocationCount"/>
  <testcase name="openBrowserAndAppUrl" time="0.008" classname="testngexample.Actitime_InvocationCount"/>
  <testcase name="login" time="0.0" classname="testngexample.Actitime_Enabled">
    <ignored/>
  </testcase> <!-- login -->
  <testcase name="logoutClose" time="0.0" classname="testngexample.Actitime_Enabled">
    <ignored/>
  </testcase> <!-- logoutClose -->
</testsuite> <!-- Test -->
