<?xml version="1.0" encoding="UTF-8"?>
<testsuite xmlns:xsi="http://www.w3.org/2001/XMLSchema-instance" xsi:noNamespaceSchemaLocation="https://maven.apache.org/surefire/maven-surefire-plugin/xsd/surefire-test-report-3.0.xsd" version="3.0" name="TestSuite" time="21.547" tests="13" errors="0" skipped="0" failures="0">
  <properties>
[...]
</properties>
  <testcase name="createTask" classname="testngexample.Actitime_Enabled" time="0.009">
    <system-out><![CDATA[[TestNGContentHandler] [WARN] It is strongly recommended to add "<!DOCTYPE suite SYSTEM "http://testng.org/testng-1.0.dtd" >" at the top of your file, otherwise TestNG may fail or not work as expected.
create new task
]]></system-out>
  </testcase>
  <testcase name="openBrowserAndAppURL" classname="testngexample.Actitime_Enabled" time="0.001">
    <system-out><![CDATA[Open browser and enter app url
]]></system-out>
  </testcase>
  <testcase name="openBrowser" classname="testngexample.Actitime_TimeOut" time="0.206">
    <system-out><![CDATA[Open browser and App url
]]></system-out>
  </testcase>
  <testcase name="a_openBrowserAndAppUrl" classname="testngexample.Actitime" time="19.4">
    <system-err><![CDATA[SLF4J: Failed to load class "org.slf4j.impl.StaticLoggerBinder".
SLF4J: Defaulting to no-operation (NOP) logger implementation
SLF4J: See http://www.slf4j.org/codes.html#StaticLoggerBinder for further details.
log4j:WARN No appenders could be found for logger (org.apache.http.client.protocol.RequestAddCookies).
log4j:WARN Please initialize the log4j system properly.
Starting ChromeDriver 112.0.5615.49 (bd2a7bcb881c11e8cfe3078709382934e3916914-refs/branch-heads/5615@{#936}) on port 41685
Only local connections are allowed.
Please see https://chromedriver.chromium.org/security-considerations for suggestions on keeping ChromeDriver safe.
ChromeDriver was started successfully.
Apr 19, 2023 3:17:26 PM org.openqa.selenium.remote.ProtocolHandshake createSession
INFO: Detected dialect: W3C
]]></system-err>
  </testcase>
  <testcase name="b_login" classname="testngexample.Actitime" time="0.249"/>
  <testcase name="c_createTask" classname="testngexample.Actitime" time="0.002">
    <system-out><![CDATA[i am signup...
]]></system-out>
  </testcase>
  <testcase name="d_logoutClose" classname="testngexample.Actitime" time="0.001">
    <system-out><![CDATA[i am signout...
]]></system-out>
  </testcase>
  <testcase name="openBrowserAndAppUrl" classname="testngexample.Actitime_InvocationCount" time="0.001">
    <system-out><![CDATA[Open browser and App Url
]]></system-out>
  </testcase>
  <testcase name="openBrowserAndAppUrl" classname="testngexample.Actitime_InvocationCount" time="0.003">
    <system-out><![CDATA[Open browser and App Url
]]></system-out>
  </testcase>
  <testcase name="openBrowserAndAppUrl" classname="testngexample.Actitime_InvocationCount" time="0.002">
    <system-out><![CDATA[Open browser and App Url
]]></system-out>
  </testcase>
  <testcase name="openBrowserAndAppUrl" classname="testngexample.Actitime_InvocationCount" time="0.007">
    <system-out><![CDATA[Open browser and App Url
]]></system-out>
  </testcase>
  <testcase name="openBrowserAndAppUrl" classname="testngexample.Actitime_InvocationCount" time="0.001">
    <system-out><![CDATA[Open browser and App Url
]]></system-out>
  </testcase>
  <testcase name="openBrowserAndAppUrl" classname="testngexample.Actitime_InvocationCount" time="0.001">
    <system-out><![CDATA[Open browser and App Url
]]></system-out>
  </testcase>
</testsuite>