<?xml version="1.0" encoding="UTF-8"?>
<!-- Generated by org.testng.reporters.JUnitXMLReporter -->
<testsuite hostname="DESKTOP-PDM7OVM" ignored="2" name="Testing Parameterization" tests="2" failures="0" timestamp="11 Apr 2023 09:11:31 GMT" time="9.024" errors="0">
  <testcase name="testCaseOne" time="0.017" classname="advancetestngex.Parameterization"/>
  <testcase name="testLoginOfVtiger" time="8.943" classname="advancetestngex.Parameterization"/>
  <testcase name="testCaseTwo" time="0.0" classname="advancetestngex.Parameterization">
    <ignored/>
  </testcase> <!-- testCaseTwo -->
  <testcase name="testCaseThree" time="0.0" classname="advancetestngex.Parameterization">
    <ignored/>
  </testcase> <!-- testCaseThree -->
</testsuite> <!-- Testing Parameterization -->
